<?xml version="1.0" encoding="UTF-8"?>
<!-- Generated by org.testng.reporters.JUnitReportReporter -->
<testsuite hostname="KPL-GOKUL" failures="0" tests="1" name="genericUtility.JavaUtility" time="0.020" errors="0" timestamp="2024-03-30T10:52:50 IST" skipped="0">
  <testcase classname="genericUtility.JavaUtility" name="dateandtime" time="0.020"/>
  <system-out/>
</testsuite> <!-- genericUtility.JavaUtility -->
