<?xml version="1.0" encoding="UTF-8"?>
<!-- Generated by org.testng.reporters.JUnitReportReporter -->
<testsuite hostname="KPL-GOKUL" failures="0" tests="1" name="Login.Kcredit" time="17.851" errors="0" timestamp="2024-03-31T19:27:26 IST" skipped="0">
  <testcase classname="Login.Kcredit" name="editInUnderWritingScreen" time="17.851"/>
  <system-out/>
</testsuite> <!-- Login.Kcredit -->
