<?xml version="1.0" encoding="UTF-8"?>
<!-- Generated by org.testng.reporters.JUnitReportReporter -->
<testsuite hostname="KPL-GOKUL" failures="0" tests="1" name="Login.Kcredit" time="15.773" errors="0" timestamp="2024-03-27T02:16:16 IST" skipped="0">
  <testcase classname="Login.Kcredit" name="searchApplicationInLoanReviewModule" time="15.773"/>
  <system-out/>
</testsuite> <!-- Login.Kcredit -->
