<?xml version="1.0" encoding="UTF-8"?>
<!-- Generated by org.testng.reporters.JUnitReportReporter -->
<testsuite hostname="KPL-GOKUL" failures="0" tests="1" name="Login.Kcredit" time="31.544" errors="0" timestamp="2024-03-29T23:17:56 IST" skipped="0">
  <testcase classname="Login.Kcredit" name="verifymissingrequireddocumentsInMisReport" time="31.544"/>
  <system-out/>
</testsuite> <!-- Login.Kcredit -->
