<?xml version="1.0" encoding="UTF-8"?>
<!-- Generated by org.testng.reporters.JUnitReportReporter -->
<testsuite hostname="KPL-GOKUL" failures="0" tests="1" name="Login.Signout" time="3.902" errors="0" timestamp="2024-03-25T12:35:52 IST" skipped="0">
  <testcase classname="Login.Signout" name="signout" time="3.902"/>
  <system-out/>
</testsuite> <!-- Login.Signout -->
